<?xml version="1.0" encoding="UTF-8"?>
<testng-results ignored="0" total="2" passed="2" failed="0" skipped="0">
  <reporter-output>
  </reporter-output>
  <suite started-at="2022-10-04T21:58:40 IST" name="Suite" finished-at="2022-10-04T21:59:44 IST" duration-ms="63627">
    <groups>
    </groups>
    <test started-at="2022-10-04T21:58:40 IST" name="Test" finished-at="2022-10-04T21:59:44 IST" duration-ms="63627">
      <class name="RegistrationForm">
        <test-method signature="f()[pri:0, instance:RegistrationForm@31ea9581]" started-at="2022-10-04T21:58:40 IST" name="f" finished-at="2022-10-04T21:59:13 IST" duration-ms="32847" status="PASS">
          <reporter-output>
          </reporter-output>
        </test-method> <!-- f -->
      </class> <!-- RegistrationForm -->
      <class name="Login">
        <test-method signature="f()[pri:0, instance:Login@4082ba93]" started-at="2022-10-04T21:59:13 IST" name="f" finished-at="2022-10-04T21:59:44 IST" duration-ms="30752" status="PASS">
          <reporter-output>
          </reporter-output>
        </test-method> <!-- f -->
      </class> <!-- Login -->
    </test> <!-- Test -->
  </suite> <!-- Suite -->
</testng-results>
