<?xml version="1.0" encoding="UTF-8"?>
<!-- Generated by org.testng.reporters.JUnitXMLReporter -->
<testsuite ignored="0" hostname="INMAARADHMEIA2P" failures="0" tests="3" name="HomeLoanTests" time="0.077" errors="0" timestamp="2022-09-28T10:24:10 IST">
  <testcase classname="loanapplications.HomeLoanApplicationTests" name="APIHomeLoan" time="0.009"/>
  <testcase classname="loanapplications.HomeLoanApplicationTests" name="MobileHomeLoan" time="0.002"/>
  <testcase classname="loanapplications.HomeLoanApplicationTests" name="WebHomeLoan" time="0.001"/>
</testsuite> <!-- HomeLoanTests -->
