<?xml version="1.0" encoding="UTF-8"?>
<!-- Generated by org.testng.reporters.JUnitXMLReporter -->
<testsuite ignored="0" hostname="INMAARADHMEIA2P" failures="0" tests="3" name="SmokeTests" time="0.076" errors="0" timestamp="2022-09-28T09:56:36 IST">
  <testcase classname="testpkg.ParamTest" name="applyForLoan" time="0.009"/>
  <testcase classname="testpkg.ParamTest" name="applyForLoan" time="0.002"/>
  <testcase classname="testpkg.ParamTest" name="applyForLoan" time="0.002"/>
</testsuite> <!-- SmokeTests -->
