<?xml version="1.0" encoding="UTF-8"?>
<!-- Generated by org.testng.reporters.JUnitXMLReporter -->
<testsuite ignored="0" hostname="INMAARADHMEIA2P" failures="0" tests="11" name="Test" time="0.102" errors="0" timestamp="2022-09-27T11:47:57 IST">
  <testcase classname="testpkg.sample1" name="demo" time="0.013"/>
  <testcase classname="testpkg.sample2" name="demo2" time="0.002"/>
  <testcase classname="loanapplications.CarLoanApplicationTests" name="CarLoanLoginAPI" time="0.001"/>
  <testcase classname="loanapplications.CarLoanApplicationTests" name="CarLoanLoginMobile" time="0.001"/>
  <testcase classname="loanapplications.CarLoanApplicationTests" name="CarLoanLoginWeb" time="0.002"/>
  <testcase classname="loanapplications.HomeLoanApplicationTests" name="HomeLoanLoginAPI" time="0.002"/>
  <testcase classname="loanapplications.HomeLoanApplicationTests" name="HomeLoanLoginMobile" time="0.002"/>
  <testcase classname="loanapplications.HomeLoanApplicationTests" name="HomeLoanLoginWeb" time="0.002"/>
  <testcase classname="loanapplications.PersonalLoanApplicationTests" name="PersonalLoanLoginAPI" time="0.003"/>
  <testcase classname="loanapplications.PersonalLoanApplicationTests" name="PersonalLoanLoginMobile" time="0.001"/>
  <testcase classname="loanapplications.PersonalLoanApplicationTests" name="PersonalLoanLoginWeb" time="0.002"/>
</testsuite> <!-- Test -->
