<?xml version="1.0" encoding="UTF-8"?>
<testng-results ignored="0" total="1" passed="1" failed="0" skipped="0">
  <reporter-output>
  </reporter-output>
  <suite started-at="2022-10-14T06:08:44 IST" name="Suite" finished-at="2022-10-14T06:08:49 IST" duration-ms="4837">
    <groups>
      <group name="Chrome">
        <method signature="test.launchChrome()[pri:0, instance:mAadhar_Test.test@7d322cad]" name="launchChrome" class="mAadhar_Test.test"/>
      </group> <!-- Chrome -->
    </groups>
    <test started-at="2022-10-14T06:08:44 IST" name="Test" finished-at="2022-10-14T06:08:49 IST" duration-ms="4837">
      <class name="mAadhar_Test.test">
        <test-method signature="launchChrome()[pri:0, instance:mAadhar_Test.test@7d322cad]" started-at="2022-10-14T06:08:44 IST" name="launchChrome" finished-at="2022-10-14T06:08:49 IST" duration-ms="4806" status="PASS">
          <reporter-output>
          </reporter-output>
        </test-method> <!-- launchChrome -->
      </class> <!-- mAadhar_Test.test -->
    </test> <!-- Test -->
  </suite> <!-- Suite -->
</testng-results>
